<?xml version="1.0" encoding="UTF-8" ?>
<testsuite failures="4" time="0.263" errors="0" skipped="0" tests="101" name="com.cucumber.MavenCucumberPrototype.CucumberRunnerTest">
  <properties>
[...]
</properties>
  <testcase time="0.122" classname="Scenario: Checking whether search icon is displayed or not in Unibet Home page" name="Given I am on unibet home page"/>
  <testcase time="0.001" classname="Scenario: Checking whether search icon is displayed or not in Unibet Home page" name="When I mousehover on the search icon"/>
  <testcase time="0" classname="Scenario: Checking whether search icon is displayed or not in Unibet Home page" name="Then I should be able to see textbox and search button"/>
  <testcase time="0" classname="Scenario: Checking whether search icon is displayed or not in Unibet Home page" name="When I click on the search icon"/>
  <testcase time="0" classname="Scenario: Checking whether search icon is displayed or not in Unibet Home page" name="Then I should be able to see textbox and search button"/>
  <testcase time="0.001" classname="Scenario: Checking whether search icon is displayed or not in Unibet Home page" name="Scenario: Checking whether search icon is displayed or not in Unibet Home page"/>
  <testcase time="0.001" classname="Scenario: Checking the order of textbox and search button in Unibet Home Page" name="Given I am on unibet home page"/>
  <testcase time="0.001" classname="Scenario: Checking the order of textbox and search button in Unibet Home Page" name="When I mousehover on the search icon"/>
  <testcase time="0" classname="Scenario: Checking the order of textbox and search button in Unibet Home Page" name="Then I should be able to see textfox first and then search button"/>
  <testcase time="0.001" classname="Scenario: Checking the order of textbox and search button in Unibet Home Page" name="Scenario: Checking the order of textbox and search button in Unibet Home Page"/>
  <testcase time="0" classname="Scenario: Verifying the color and text of search button in Unibet Home Page" name="Given I am on unibet home page"/>
  <testcase time="0" classname="Scenario: Verifying the color and text of search button in Unibet Home Page" name="When I mousehover on the search icon"/>
  <testcase time="0" classname="Scenario: Verifying the color and text of search button in Unibet Home Page" name="Then I should be able to see search button color as yellow and textcolr as black"/>
  <testcase time="0" classname="Scenario: Verifying the color and text of search button in Unibet Home Page" name="And I should be able to see text search on the search button"/>
  <testcase time="0" classname="Scenario: Verifying the color and text of search button in Unibet Home Page" name="Scenario: Verifying the color and text of search button in Unibet Home Page"/>
  <testcase time="0" classname="Scenario: Verifying the validaty of search result by clicking on search button." name="Given I am on unibet home page"/>
  <testcase time="0" classname="Scenario: Verifying the validaty of search result by clicking on search button." name="When I mousehover on the search icon"/>
  <testcase time="0" classname="Scenario: Verifying the validaty of search result by clicking on search button." name="When I enter &quot;Golf&quot; on search text box"/>
  <testcase time="0" classname="Scenario: Verifying the validaty of search result by clicking on search button." name="When I click on Search button"/>
  <testcase time="0" classname="Scenario: Verifying the validaty of search result by clicking on search button." name="Then I should be on search results page"/>
  <testcase time="0" classname="Scenario: Verifying the validaty of search result by clicking on search button." name="And I should be able to see the &quot;Golf&quot; in either description or header of the search results."/>
  <testcase time="0" classname="Scenario: Verifying the validaty of search result by clicking on search button." name="Scenario: Verifying the validaty of search result by clicking on search button."/>
  <testcase time="0" classname="Scenario: Verifying the validaty of search result when the search words are having diffrent meanings." name="Given I am on unibet home page"/>
  <testcase time="0" classname="Scenario: Verifying the validaty of search result when the search words are having diffrent meanings." name="When I mousehover on the search icon"/>
  <testcase time="0" classname="Scenario: Verifying the validaty of search result when the search words are having diffrent meanings." name="When I enter &quot;US sports&quot; on search text box"/>
  <testcase time="0" classname="Scenario: Verifying the validaty of search result when the search words are having diffrent meanings." name="When I click on Search button"/>
  <testcase time="0" classname="Scenario: Verifying the validaty of search result when the search words are having diffrent meanings." name="Then I should be on search results page"/>
  <testcase time="0" classname="Scenario: Verifying the validaty of search result when the search words are having diffrent meanings." name="And I should be able to match the result &quot;US,sport,America&quot; in either description or header of the search results."/>
  <testcase time="0" classname="Scenario: Verifying the validaty of search result when the search words are having diffrent meanings." name="Scenario: Verifying the validaty of search result when the search words are having diffrent meanings."/>
  <testcase time="0" classname="Scenario: Verifying the validaty of search result by pressing enter key and clicking on the result links." name="Given I am on unibet home page"/>
  <testcase time="0" classname="Scenario: Verifying the validaty of search result by pressing enter key and clicking on the result links." name="When I mousehover on the search icon"/>
  <testcase time="0.001" classname="Scenario: Verifying the validaty of search result by pressing enter key and clicking on the result links." name="When I enter &quot;Football&quot; on search text box"/>
  <testcase time="0" classname="Scenario: Verifying the validaty of search result by pressing enter key and clicking on the result links." name="When I click on Enter key in keyboard"/>
  <testcase time="0" classname="Scenario: Verifying the validaty of search result by pressing enter key and clicking on the result links." name="Then I should be on search results page"/>
  <testcase time="0" classname="Scenario: Verifying the validaty of search result by pressing enter key and clicking on the result links." name="And I should be able to see the &quot;Football&quot; in either description or header of the search results."/>
  <testcase time="0" classname="Scenario: Verifying the validaty of search result by pressing enter key and clicking on the result links." name="And I should be able to click on search result links"/>
  <testcase time="0.014" classname="Scenario: Verifying the validaty of search result by pressing enter key and clicking on the result links." name="Scenario: Verifying the validaty of search result by pressing enter key and clicking on the result links."/>
  <testcase time="0" classname="Scenario: Verifying maximum number of results in the first page is &quot;10&quot;" name="Given I am on unibet home page"/>
  <testcase time="0" classname="Scenario: Verifying maximum number of results in the first page is &quot;10&quot;" name="When I mousehover on the search icon"/>
  <testcase time="0" classname="Scenario: Verifying maximum number of results in the first page is &quot;10&quot;" name="When I enter &quot;Football&quot; on search text box"/>
  <testcase time="0" classname="Scenario: Verifying maximum number of results in the first page is &quot;10&quot;" name="When I click on Search button"/>
  <testcase time="0" classname="Scenario: Verifying maximum number of results in the first page is &quot;10&quot;" name="Then I should be able to see maximum &quot;10&quot; results in the Page."/>
  <testcase time="0.001" classname="Scenario: Verifying maximum number of results in the first page is &quot;10&quot;" name="Scenario: Verifying maximum number of results in the first page is &quot;10&quot;"/>
  <testcase time="0" classname="Scenario: Verifying maximum number of results page is &quot;10&quot;" name="Given I am on unibet home page"/>
  <testcase time="0" classname="Scenario: Verifying maximum number of results page is &quot;10&quot;" name="When I mousehover on the search icon"/>
  <testcase time="0" classname="Scenario: Verifying maximum number of results page is &quot;10&quot;" name="When I enter &quot;Football&quot; on search text box"/>
  <testcase time="0.001" classname="Scenario: Verifying maximum number of results page is &quot;10&quot;" name="When I click on Search button"/>
  <testcase time="0" classname="Scenario: Verifying maximum number of results page is &quot;10&quot;" name="Then I should be able to see maximum &quot;10&quot; pages of reults."/>
  <testcase time="0" classname="Scenario: Verifying maximum number of results page is &quot;10&quot;" name="When I click on the &quot;1&quot; page"/>
  <testcase time="0" classname="Scenario: Verifying maximum number of results page is &quot;10&quot;" name="Then I should be able to see maximum &quot;10&quot; results in the Page."/>
  <testcase time="0" classname="Scenario: Verifying maximum number of results page is &quot;10&quot;" name="When I click on the &quot;2&quot; page"/>
  <testcase time="0" classname="Scenario: Verifying maximum number of results page is &quot;10&quot;" name="Then I should be able to see maximum &quot;10&quot; results in the Page."/>
  <testcase time="0" classname="Scenario: Verifying maximum number of results page is &quot;10&quot;" name="When I click on the &quot;3&quot; page"/>
  <testcase time="0" classname="Scenario: Verifying maximum number of results page is &quot;10&quot;" name="Then I should be able to see maximum &quot;10&quot; results in the Page."/>
  <testcase time="0" classname="Scenario: Verifying maximum number of results page is &quot;10&quot;" name="When I click on the &quot;4&quot; page"/>
  <testcase time="0" classname="Scenario: Verifying maximum number of results page is &quot;10&quot;" name="Then I should be able to see maximum &quot;10&quot; results in the Page."/>
  <testcase time="0" classname="Scenario: Verifying maximum number of results page is &quot;10&quot;" name="When I click on the &quot;5&quot; page"/>
  <testcase time="0" classname="Scenario: Verifying maximum number of results page is &quot;10&quot;" name="Then I should be able to see maximum &quot;10&quot; results in the Page."/>
  <testcase time="0" classname="Scenario: Verifying maximum number of results page is &quot;10&quot;" name="When I click on the &quot;6&quot; page"/>
  <testcase time="0" classname="Scenario: Verifying maximum number of results page is &quot;10&quot;" name="Then I should be able to see maximum &quot;10&quot; results in the Page."/>
  <testcase time="0" classname="Scenario: Verifying maximum number of results page is &quot;10&quot;" name="When I click on the &quot;7&quot; page"/>
  <testcase time="0" classname="Scenario: Verifying maximum number of results page is &quot;10&quot;" name="Then I should be able to see maximum &quot;10&quot; results in the Page."/>
  <testcase time="0" classname="Scenario: Verifying maximum number of results page is &quot;10&quot;" name="When I click on the &quot;8&quot; page"/>
  <testcase time="0" classname="Scenario: Verifying maximum number of results page is &quot;10&quot;" name="Then I should be able to see maximum &quot;10&quot; results in the Page."/>
  <testcase time="0" classname="Scenario: Verifying maximum number of results page is &quot;10&quot;" name="When I click on the &quot;9&quot; page"/>
  <testcase time="0" classname="Scenario: Verifying maximum number of results page is &quot;10&quot;" name="Then I should be able to see maximum &quot;10&quot; results in the Page."/>
  <testcase time="0" classname="Scenario: Verifying maximum number of results page is &quot;10&quot;" name="Scenario: Verifying maximum number of results page is &quot;10&quot;"/>
  <testcase time="0" classname="Scenario: Verifying the correct spelling for misspeld words in search results page" name="Given I am on unibet home page"/>
  <testcase time="0" classname="Scenario: Verifying the correct spelling for misspeld words in search results page" name="When I mousehover on the search icon"/>
  <testcase time="0" classname="Scenario: Verifying the correct spelling for misspeld words in search results page" name="When I enter &quot;Gofl&quot; on search text box"/>
  <testcase time="0" classname="Scenario: Verifying the correct spelling for misspeld words in search results page" name="When I click on Search button"/>
  <testcase time="0.001" classname="Scenario: Verifying the correct spelling for misspeld words in search results page" name="Then I should be able to see &quot;Showing results for Golf&quot; text in search results page"/>
  <testcase time="0" classname="Scenario: Verifying the correct spelling for misspeld words in search results page" name="And I should be able to see &quot;Search instead for Gofl&quot; text in the search results page"/>
  <testcase time="0" classname="Scenario: Verifying the correct spelling for misspeld words in search results page" name="When I click on &quot;Golf&quot; link"/>
  <testcase time="0" classname="Scenario: Verifying the correct spelling for misspeld words in search results page" name="Then I should be on search results page of &quot;Golf&quot;"/>
  <testcase time="0" classname="Scenario: Verifying the correct spelling for misspeld words in search results page" name="When I navigate back to Unibet home page"/>
  <testcase time="0" classname="Scenario: Verifying the correct spelling for misspeld words in search results page" name="When I mousehover on the search icon"/>
  <testcase time="0" classname="Scenario: Verifying the correct spelling for misspeld words in search results page" name="When I enter &quot;Gofl&quot; on search text box"/>
  <testcase time="0" classname="Scenario: Verifying the correct spelling for misspeld words in search results page" name="When I click on Search button"/>
  <testcase time="0" classname="Scenario: Verifying the correct spelling for misspeld words in search results page" name="Then I should be able to see &quot;Showing results for Golf&quot; text in search results page"/>
  <testcase time="0" classname="Scenario: Verifying the correct spelling for misspeld words in search results page" name="And I should be able to see &quot;Search instead for Gofl&quot; text in the search results page"/>
  <testcase time="0" classname="Scenario: Verifying the correct spelling for misspeld words in search results page" name="When I click on &quot;Gofl&quot; link"/>
  <testcase time="0" classname="Scenario: Verifying the correct spelling for misspeld words in search results page" name="Then I should be on &quot;No Results&quot; page"/>
  <testcase time="0.001" classname="Scenario: Verifying the correct spelling for misspeld words in search results page" name="Scenario: Verifying the correct spelling for misspeld words in search results page"/>
  <testcase time="0" classname="Scenario: Verifying &quot;No Results&quot; page is displaying for invalid string search" name="Given I am on unibet home page"/>
  <testcase time="0" classname="Scenario: Verifying &quot;No Results&quot; page is displaying for invalid string search" name="When I mousehover on the search icon"/>
  <testcase time="0" classname="Scenario: Verifying &quot;No Results&quot; page is displaying for invalid string search" name="When I enter &quot;()()()()&quot; on search text box"/>
  <testcase time="0" classname="Scenario: Verifying &quot;No Results&quot; page is displaying for invalid string search" name="When I click on Search button"/>
  <testcase time="0" classname="Scenario: Verifying &quot;No Results&quot; page is displaying for invalid string search" name="Then I should be landed on &quot;No Results&quot; page"/>
  <testcase time="0" classname="Scenario: Verifying &quot;No Results&quot; page is displaying for invalid string search" name="Scenario: Verifying &quot;No Results&quot; page is displaying for invalid string search"/>
  <testcase time="0" classname="Scenario: Verifying user is on the same page while clicking on search button without enetring text" name="Given I am on unibet home page"/>
  <testcase time="0" classname="Scenario: Verifying user is on the same page while clicking on search button without enetring text" name="When I mousehover on the search icon"/>
  <testcase time="0" classname="Scenario: Verifying user is on the same page while clicking on search button without enetring text" name="When I click on Search button"/>
  <testcase time="0.058" classname="Scenario: Verifying user is on the same page while clicking on search button without enetring text" name="Then I should be on same page">
    <failure type="junit.framework.AssertionFailedError">junit.framework.AssertionFailedError
	at junit.framework.Assert.fail(Assert.java:55)
	at junit.framework.Assert.assertTrue(Assert.java:22)
	at junit.framework.Assert.assertTrue(Assert.java:31)
	at com.cucumber.MavenCucumberPrototype.StepDefinition.i_should_be_on_same_page(StepDefinition.java:210)
	at ✽.Then I should be on same page(myFeature.feature:121)
</failure>
  </testcase>
  <testcase time="0.058" classname="Scenario: Verifying user is on the same page while clicking on search button without enetring text" name="Scenario: Verifying user is on the same page while clicking on search button without enetring text">
    <failure type="junit.framework.AssertionFailedError">junit.framework.AssertionFailedError
	at junit.framework.Assert.fail(Assert.java:55)
	at junit.framework.Assert.assertTrue(Assert.java:22)
	at junit.framework.Assert.assertTrue(Assert.java:31)
	at com.cucumber.MavenCucumberPrototype.StepDefinition.i_should_be_on_same_page(StepDefinition.java:210)
	at ✽.Then I should be on same page(myFeature.feature:121)
</failure>
  </testcase>
  <testcase time="0" classname="Scenario: Verifying user is on the same page while clicking on the search button after entering space" name="Given I am on unibet home page"/>
  <testcase time="0" classname="Scenario: Verifying user is on the same page while clicking on the search button after entering space" name="When I mousehover on the search icon"/>
  <testcase time="0" classname="Scenario: Verifying user is on the same page while clicking on the search button after entering space" name="When I enter two space on the search text box"/>
  <testcase time="0" classname="Scenario: Verifying user is on the same page while clicking on the search button after entering space" name="When I click on Search button"/>
  <testcase time="0" classname="Scenario: Verifying user is on the same page while clicking on the search button after entering space" name="Then I should be on same page">
    <failure type="junit.framework.AssertionFailedError">junit.framework.AssertionFailedError
	at junit.framework.Assert.fail(Assert.java:55)
	at junit.framework.Assert.assertTrue(Assert.java:22)
	at junit.framework.Assert.assertTrue(Assert.java:31)
	at com.cucumber.MavenCucumberPrototype.StepDefinition.i_should_be_on_same_page(StepDefinition.java:210)
	at ✽.Then I should be on same page(myFeature.feature:129)
</failure>
  </testcase>
  <testcase time="0.001" classname="Scenario: Verifying user is on the same page while clicking on the search button after entering space" name="Scenario: Verifying user is on the same page while clicking on the search button after entering space">
    <failure type="junit.framework.AssertionFailedError">junit.framework.AssertionFailedError
	at junit.framework.Assert.fail(Assert.java:55)
	at junit.framework.Assert.assertTrue(Assert.java:22)
	at junit.framework.Assert.assertTrue(Assert.java:31)
	at com.cucumber.MavenCucumberPrototype.StepDefinition.i_should_be_on_same_page(StepDefinition.java:210)
	at ✽.Then I should be on same page(myFeature.feature:129)
</failure>
  </testcase>
</testsuite>